# JRE version: Java(TM) SE Runtime Environment (8.0_151-b12) (build 1.8.0_151-b12)
# Java VM: Java HotSpot(TM) Client VM (25.151-b12 mixed mode, sharing windows-x86 )
Heap:
 def new generation   total 9344K, used 2604K [0x04600000, 0x05020000, 0x09b50000)
  eden space 8320K,  19% used [0x04600000, 0x0478b3c0, 0x04e20000)
  from space 1024K,  99% used [0x04f20000, 0x0501fe28, 0x05020000)
  to   space 1024K,   0% used [0x04e20000, 0x04e20000, 0x04f20000)
 tenured generation   total 20604K, used 20567K [0x09b50000, 0x0af6f000, 0x14600000)
   the space 20604K,  99% used [0x09b50000, 0x0af65fd0, 0x0af66000, 0x0af6f000)
 Metaspace       used 16132K, capacity 16319K, committed 16428K, reserved 16768K
GC Heap History (10 events):
Event: 3.574 GC heap after
Heap after GC invocations=58 (full 2):
 def new generation   total 9344K, used 391K [0x04600000, 0x05020000, 0x09b50000)
  eden space 8320K,   0% used [0x04600000, 0x04600000, 0x04e20000)
  from space 1024K,  38% used [0x04f20000, 0x04f81fb8, 0x05020000)
  to   space 1024K,   0% used [0x04e20000, 0x04e20000, 0x04f20000)
 tenured generation   total 20604K, used 19489K [0x09b50000, 0x0af6f000, 0x14600000)
   the space 20604K,  94% used [0x09b50000, 0x0ae58770, 0x0ae58800, 0x0af6f000)
 Metaspace       used 13640K, capacity 13852K, committed 13952K, reserved 14720K
}
Event: 3.653 GC heap before
{Heap before GC invocations=58 (full 2):
 def new generation   total 9344K, used 8678K [0x04600000, 0x05020000, 0x09b50000)
  eden space 8320K,  99% used [0x04600000, 0x04e17968, 0x04e20000)
  from space 1024K,  38% used [0x04f20000, 0x04f81fb8, 0x05020000)
  to   space 1024K,   0% used [0x04e20000, 0x04e20000, 0x04f20000)
 tenured generation   total 20604K, used 19489K [0x09b50000, 0x0af6f000, 0x14600000)
   the space 20604K,  94% used [0x09b50000, 0x0ae58770, 0x0ae58800, 0x0af6f000)
 Metaspace       used 13884K, capacity 14076K, committed 14208K, reserved 14720K
Event: 3.657 GC heap after
Heap after GC invocations=59 (full 2):
 def new generation   total 9344K, used 1023K [0x04600000, 0x05020000, 0x09b50000)
  eden space 8320K,   0% used [0x04600000, 0x04600000, 0x04e20000)
  from space 1024K,  99% used [0x04e20000, 0x04f1fff8, 0x04f20000)
  to   space 1024K,   0% used [0x04f20000, 0x04f20000, 0x05020000)
 tenured generation   total 20604K, used 19549K [0x09b50000, 0x0af6f000, 0x14600000)
   the space 20604K,  94% used [0x09b50000, 0x0ae677b8, 0x0ae67800, 0x0af6f000)
 Metaspace       used 13884K, capacity 14076K, committed 14208K, reserved 14720K
}
Event: 3.739 GC heap before
{Heap before GC invocations=59 (full 2):
 def new generation   total 9344K, used 9343K [0x04600000, 0x05020000, 0x09b50000)
  eden space 8320K, 100% used [0x04600000, 0x04e20000, 0x04e20000)
  from space 1024K,  99% used [0x04e20000, 0x04f1fff8, 0x04f20000)
  to   space 1024K,   0% used [0x04f20000, 0x04f20000, 0x05020000)
 tenured generation   total 20604K, used 19549K [0x09b50000, 0x0af6f000, 0x14600000)
   the space 20604K,  94% used [0x09b50000, 0x0ae677b8, 0x0ae67800, 0x0af6f000)
 Metaspace       used 14622K, capacity 14812K, committed 14976K, reserved 15744K
Event: 3.743 GC heap after
Heap after GC invocations=60 (full 2):
 def new generation   total 9344K, used 969K [0x04600000, 0x05020000, 0x09b50000)
  eden space 8320K,   0% used [0x04600000, 0x04600000, 0x04e20000)
  from space 1024K,  94% used [0x04f20000, 0x05012570, 0x05020000)
  to   space 1024K,   0% used [0x04e20000, 0x04e20000, 0x04f20000)
 tenured generation   total 20604K, used 20265K [0x09b50000, 0x0af6f000, 0x14600000)
   the space 20604K,  98% used [0x09b50000, 0x0af1a608, 0x0af1a800, 0x0af6f000)
 Metaspace       used 14622K, capacity 14812K, committed 14976K, reserved 15744K
}
Event: 3.827 GC heap before
{Heap before GC invocations=60 (full 2):
 def new generation   total 9344K, used 9289K [0x04600000, 0x05020000, 0x09b50000)
  eden space 8320K, 100% used [0x04600000, 0x04e20000, 0x04e20000)
  from space 1024K,  94% used [0x04f20000, 0x05012570, 0x05020000)
  to   space 1024K,   0% used [0x04e20000, 0x04e20000, 0x04f20000)
 tenured generation   total 20604K, used 20265K [0x09b50000, 0x0af6f000, 0x14600000)
   the space 20604K,  98% used [0x09b50000, 0x0af1a608, 0x0af1a800, 0x0af6f000)
 Metaspace       used 15189K, capacity 15388K, committed 15488K, reserved 15744K
Event: 3.830 GC heap after
Heap after GC invocations=61 (full 2):
 def new generation   total 9344K, used 822K [0x04600000, 0x05020000, 0x09b50000)
  eden space 8320K,   0% used [0x04600000, 0x04600000, 0x04e20000)
  from space 1024K,  80% used [0x04e20000, 0x04eed878, 0x04f20000)
  to   space 1024K,   0% used [0x04f20000, 0x04f20000, 0x05020000)
 tenured generation   total 20604K, used 20401K [0x09b50000, 0x0af6f000, 0x14600000)
   the space 20604K,  99% used [0x09b50000, 0x0af3c728, 0x0af3c800, 0x0af6f000)
 Metaspace       used 15189K, capacity 15388K, committed 15488K, reserved 15744K
}
Event: 3.909 GC heap before
{Heap before GC invocations=61 (full 2):
 def new generation   total 9344K, used 9142K [0x04600000, 0x05020000, 0x09b50000)
  eden space 8320K, 100% used [0x04600000, 0x04e20000, 0x04e20000)
  from space 1024K,  80% used [0x04e20000, 0x04eed878, 0x04f20000)
  to   space 1024K,   0% used [0x04f20000, 0x04f20000, 0x05020000)
 tenured generation   total 20604K, used 20401K [0x09b50000, 0x0af6f000, 0x14600000)
   the space 20604K,  99% used [0x09b50000, 0x0af3c728, 0x0af3c800, 0x0af6f000)
 Metaspace       used 15909K, capacity 16127K, committed 16256K, reserved 16768K
Event: 3.912 GC heap after
Heap after GC invocations=62 (full 2):
 def new generation   total 9344K, used 1023K [0x04600000, 0x05020000, 0x09b50000)
  eden space 8320K,   0% used [0x04600000, 0x04600000, 0x04e20000)
  from space 1024K,  99% used [0x04f20000, 0x0501fe28, 0x05020000)
  to   space 1024K,   0% used [0x04e20000, 0x04e20000, 0x04f20000)
 tenured generation   total 20604K, used 20567K [0x09b50000, 0x0af6f000, 0x14600000)
   the space 20604K,  99% used [0x09b50000, 0x0af65fd0, 0x0af66000, 0x0af6f000)
 Metaspace       used 15909K, capacity 16127K, committed 16256K, reserved 16768K
}
Event: 3.927 GC heap before
{Heap before GC invocations=62 (full 2):
 def new generation   total 9344K, used 2604K [0x04600000, 0x05020000, 0x09b50000)
  eden space 8320K,  19% used [0x04600000, 0x0478b3c0, 0x04e20000)
  from space 1024K,  99% used [0x04f20000, 0x0501fe28, 0x05020000)
  to   space 1024K,   0% used [0x04e20000, 0x04e20000, 0x04f20000)
 tenured generation   total 20604K, used 20567K [0x09b50000, 0x0af6f000, 0x14600000)
   the space 20604K,  99% used [0x09b50000, 0x0af65fd0, 0x0af66000, 0x0af6f000)
 Metaspace       used 16132K, capacity 16319K, committed 16428K, reserved 16768K

